Command line:
   bcd_count_7_isim_beh.exe
     -simmode  gui
     -simrunnum  0
     -socket  61754

Sat Aug 13 16:58:44 2022


 Elaboration Time: 0.0625 sec

 Current Memory Usage: 5150.77 Meg

 Total Signals          : 26
 Total Nets             : 38
 Total Signal Drivers   : 9
 Total Blocks           : 5
 Total Primitive Blocks : 3
 Total Processes        : 14
 Total Traceable Variables  : 23
 Total Scalar Nets and Variables : 166
Total Line Count : 48

 Total Simulation Time: 0.171875 sec

 Current Memory Usage: 5150.77 Meg

Sat Aug 13 16:59:14 2022

