Command line:
   FSMoore_tb_isim_beh.exe
     -simmode  gui
     -simrunnum  0
     -socket  62275

Sat Aug 13 18:34:47 2022


 Elaboration Time: 0.0625 sec

 Current Memory Usage: 5150.76 Meg

 Total Signals          : 24
 Total Nets             : 24
 Total Signal Drivers   : 16
 Total Blocks           : 3
 Total Primitive Blocks : 2
 Total Processes        : 22
 Total Traceable Variables  : 45
 Total Scalar Nets and Variables : 179
Total Line Count : 235

 Total Simulation Time: 0.21875 sec

 Current Memory Usage: 4678.9 Meg

Sat Aug 13 19:41:35 2022

