Release 14.7 - xst P.20131013 (nt64)
Copyright (c) 1995-2013 Xilinx, Inc.  All rights reserved.
--> Parameter TMPDIR set to xst/projnav.tmp


Total REAL time to Xst completion: 0.00 secs
Total CPU time to Xst completion: 0.40 secs
 
--> Parameter xsthdpdir set to xst


Total REAL time to Xst completion: 0.00 secs
Total CPU time to Xst completion: 0.40 secs
 
--> Reading design: prog_count_7.prj

TABLE OF CONTENTS
  1) Synthesis Options Summary
  2) HDL Parsing
  3) HDL Elaboration
  4) HDL Synthesis
       4.1) HDL Synthesis Report
  5) Advanced HDL Synthesis
       5.1) Advanced HDL Synthesis Report
  6) Low Level Synthesis
  7) Partition Report
  8) Design Summary
       8.1) Primitive and Black Box Usage
       8.2) Device utilization summary
       8.3) Partition Resource Summary
       8.4) Timing Report
            8.4.1) Clock Information
            8.4.2) Asynchronous Control Signals Information
            8.4.3) Timing Summary
            8.4.4) Timing Details
            8.4.5) Cross Clock Domains Report


=========================================================================
*                      Synthesis Options Summary                        *
=========================================================================
---- Source Parameters
Input File Name                    : "prog_count_7.prj"
Ignore Synthesis Constraint File   : NO

---- Target Parameters
Output File Name                   : "prog_count_7"
Output Format                      : NGC
Target Device                      : xc6slx45-3-csg484

---- Source Options
Top Module Name                    : prog_count_7
Automatic FSM Extraction           : YES
FSM Encoding Algorithm             : Auto
Safe Implementation                : No
FSM Style                          : LUT
RAM Extraction                     : Yes
RAM Style                          : Auto
ROM Extraction                     : Yes
Shift Register Extraction          : YES
ROM Style                          : Auto
Resource Sharing                   : YES
Asynchronous To Synchronous        : NO
Shift Register Minimum Size        : 2
Use DSP Block                      : Auto
Automatic Register Balancing       : No

---- Target Options
LUT Combining                      : Auto
Reduce Control Sets                : Auto
Add IO Buffers                     : YES
Global Maximum Fanout              : 100000
Add Generic Clock Buffer(BUFG)     : 16
Register Duplication               : YES
Optimize Instantiated Primitives   : NO
Use Clock Enable                   : Auto
Use Synchronous Set                : Auto
Use Synchronous Reset              : Auto
Pack IO Registers into IOBs        : Auto
Equivalent register Removal        : YES

---- General Options
Optimization Goal                  : Speed
Optimization Effort                : 1
Power Reduction                    : NO
Keep Hierarchy                     : No
Netlist Hierarchy                  : As_Optimized
RTL Output                         : Yes
Global Optimization                : AllClockNets
Read Cores                         : YES
Write Timing Constraints           : NO
Cross Clock Analysis               : NO
Hierarchy Separator                : /
Bus Delimiter                      : <>
Case Specifier                     : Maintain
Slice Utilization Ratio            : 100
BRAM Utilization Ratio             : 100
DSP48 Utilization Ratio            : 100
Auto BRAM Packing                  : NO
Slice Utilization Ratio Delta      : 5

=========================================================================


=========================================================================
*                          HDL Parsing                                  *
=========================================================================
Analyzing Verilog file "C:\Users\kariu\Documents\Spring 2022\CDA4203L\Projects\counter1.v" into library work
Parsing module <count_7>.
Analyzing Verilog file "C:\Users\kariu\Documents\Spring 2022\CDA4203L\Projects\prog_counter1.v" into library work
Parsing module <prog_count_7>.

=========================================================================
*                            HDL Elaboration                            *
=========================================================================

Elaborating module <prog_count_7>.

Elaborating module <count_7>.
WARNING:HDLCompiler:91 - "C:\Users\kariu\Documents\Spring 2022\CDA4203L\Projects\prog_counter1.v" Line 24: Signal <run> missing in the sensitivity list is added for synthesis purposes. HDL and post-synthesis simulations may differ as a result.
WARNING:HDLCompiler:91 - "C:\Users\kariu\Documents\Spring 2022\CDA4203L\Projects\prog_counter1.v" Line 29: Signal <temp> missing in the sensitivity list is added for synthesis purposes. HDL and post-synthesis simulations may differ as a result.
WARNING:HDLCompiler:91 - "C:\Users\kariu\Documents\Spring 2022\CDA4203L\Projects\prog_counter1.v" Line 32: Signal <temp> missing in the sensitivity list is added for synthesis purposes. HDL and post-synthesis simulations may differ as a result.

=========================================================================
*                           HDL Synthesis                               *
=========================================================================

Synthesizing Unit <prog_count_7>.
    Related source file is "C:\Users\kariu\Documents\Spring 2022\CDA4203L\Projects\prog_counter1.v".
WARNING:Xst:737 - Found 1-bit latch for signal <temp<5>>. Latches may be generated from incomplete case or if statements. We do not recommend the use of latches in FPGA/CPLD designs, as they may lead to timing problems.
WARNING:Xst:737 - Found 1-bit latch for signal <temp<4>>. Latches may be generated from incomplete case or if statements. We do not recommend the use of latches in FPGA/CPLD designs, as they may lead to timing problems.
WARNING:Xst:737 - Found 1-bit latch for signal <temp<3>>. Latches may be generated from incomplete case or if statements. We do not recommend the use of latches in FPGA/CPLD designs, as they may lead to timing problems.
WARNING:Xst:737 - Found 1-bit latch for signal <temp<2>>. Latches may be generated from incomplete case or if statements. We do not recommend the use of latches in FPGA/CPLD designs, as they may lead to timing problems.
WARNING:Xst:737 - Found 1-bit latch for signal <temp<1>>. Latches may be generated from incomplete case or if statements. We do not recommend the use of latches in FPGA/CPLD designs, as they may lead to timing problems.
WARNING:Xst:737 - Found 1-bit latch for signal <temp<0>>. Latches may be generated from incomplete case or if statements. We do not recommend the use of latches in FPGA/CPLD designs, as they may lead to timing problems.
WARNING:Xst:737 - Found 1-bit latch for signal <temp<6>>. Latches may be generated from incomplete case or if statements. We do not recommend the use of latches in FPGA/CPLD designs, as they may lead to timing problems.
    Found 7-bit comparator equal for signal <temp[6]_count_out[6]_equal_2_o> created at line 29
    Found 7-bit comparator greater for signal <temp[6]_count_out[6]_LessThan_4_o> created at line 32
    Summary:
	inferred   7 Latch(s).
	inferred   2 Comparator(s).
	inferred   3 Multiplexer(s).
Unit <prog_count_7> synthesized.

Synthesizing Unit <count_7>.
    Related source file is "C:\Users\kariu\Documents\Spring 2022\CDA4203L\Projects\counter1.v".
    Found 7-bit register for signal <count_out>.
    Found 7-bit adder for signal <count_out[6]_GND_2_o_add_3_OUT> created at line 20.
    Summary:
	inferred   1 Adder/Subtractor(s).
	inferred   7 D-type flip-flop(s).
Unit <count_7> synthesized.

=========================================================================
HDL Synthesis Report

Macro Statistics
# Adders/Subtractors                                   : 1
 7-bit adder                                           : 1
# Registers                                            : 1
 7-bit register                                        : 1
# Latches                                              : 7
 1-bit latch                                           : 7
# Comparators                                          : 2
 7-bit comparator equal                                : 1
 7-bit comparator greater                              : 1
# Multiplexers                                         : 3
 1-bit 2-to-1 multiplexer                              : 3

=========================================================================

=========================================================================
*                       Advanced HDL Synthesis                          *
=========================================================================


Synthesizing (advanced) Unit <count_7>.
The following registers are absorbed into counter <count_out>: 1 register on signal <count_out>.
Unit <count_7> synthesized (advanced).

=========================================================================
Advanced HDL Synthesis Report

Macro Statistics
# Counters                                             : 1
 7-bit up counter                                      : 1
# Comparators                                          : 2
 7-bit comparator equal                                : 1
 7-bit comparator greater                              : 1
# Multiplexers                                         : 3
 1-bit 2-to-1 multiplexer                              : 3

=========================================================================

=========================================================================
*                         Low Level Synthesis                           *
=========================================================================

Optimizing unit <prog_count_7> ...

Mapping all equations...
Building and optimizing final netlist ...
Found area constraint ratio of 100 (+ 5) on block prog_count_7, actual ratio is 0.

Final Macro Processing ...

=========================================================================
Final Register Report

Macro Statistics
# Registers                                            : 7
 Flip-Flops                                            : 7

=========================================================================

=========================================================================
*                           Partition Report                            *
=========================================================================

Partition Implementation Status
-------------------------------

  No Partitions were found in this design.

-------------------------------

=========================================================================
*                            Design Summary                             *
=========================================================================

Top Level Output File Name         : prog_count_7.ngc

Primitive and Black Box Usage:
------------------------------
# BELS                             : 20
#      INV                         : 2
#      LUT2                        : 1
#      LUT3                        : 4
#      LUT4                        : 1
#      LUT5                        : 5
#      LUT6                        : 7
# FlipFlops/Latches                : 14
#      FDRE                        : 7
#      LD_1                        : 7
# Clock Buffers                    : 1
#      BUFG                        : 1
# IO Buffers                       : 16
#      IBUF                        : 9
#      OBUF                        : 7

Device utilization summary:
---------------------------

Selected Device : 6slx45csg484-3 


Slice Logic Utilization: 
 Number of Slice Registers:               7  out of  54576     0%  
 Number of Slice LUTs:                   20  out of  27288     0%  
    Number used as Logic:                20  out of  27288     0%  

Slice Logic Distribution: 
 Number of LUT Flip Flop pairs used:     20
   Number with an unused Flip Flop:      13  out of     20    65%  
   Number with an unused LUT:             0  out of     20     0%  
   Number of fully used LUT-FF pairs:     7  out of     20    35%  
   Number of unique control sets:         2

IO Utilization: 
 Number of IOs:                          16
 Number of bonded IOBs:                  16  out of    320     5%  
    IOB Flip Flops/Latches:               7

Specific Feature Utilization:
 Number of BUFG/BUFGCTRLs:                1  out of     16     6%  

---------------------------
Partition Resource Summary:
---------------------------

  No Partitions were found in this design.

---------------------------


=========================================================================
Timing Report

NOTE: THESE TIMING NUMBERS ARE ONLY A SYNTHESIS ESTIMATE.
      FOR ACCURATE TIMING INFORMATION PLEASE REFER TO THE TRACE REPORT
      GENERATED AFTER PLACE-and-ROUTE.

Clock Information:
------------------
-----------------------------------+-------------------------------+-------+
Clock Signal                       | Clock buffer(FF name)         | Load  |
-----------------------------------+-------------------------------+-------+
run                                | IBUF+BUFG                     | 7     |
clk(Mmux_clk111:O)                 | NONE(*)(counter_1/count_out_0)| 7     |
-----------------------------------+-------------------------------+-------+
(*) This 1 clock signal(s) are generated by combinatorial logic,
and XST is not able to identify which are the primary clock signals.
Please use the CLOCK_SIGNAL constraint to specify the clock signal(s) generated by combinatorial logic.
INFO:Xst:2169 - HDL ADVISOR - Some clock signals were not automatically buffered by XST with BUFG/BUFR resources. Please use the buffer_type constraint in order to insert these buffers to the clock signals to help prevent skew problems.

Asynchronous Control Signals Information:
----------------------------------------
No asynchronous control signals found in this design

Timing Summary:
---------------
Speed Grade: -3

   Minimum period: 2.683ns (Maximum Frequency: 372.662MHz)
   Minimum input arrival time before clock: 3.459ns
   Maximum output required time after clock: 3.926ns
   Maximum combinational path delay: No path found

Timing Details:
---------------
All values displayed in nanoseconds (ns)

=========================================================================
Timing constraint: Default period analysis for Clock 'clk'
  Clock period: 2.683ns (frequency: 372.662MHz)
  Total number of paths / destination ports: 28 / 7
-------------------------------------------------------------------------
Delay:               2.683ns (Levels of Logic = 2)
  Source:            counter_1/count_out_4 (FF)
  Destination:       counter_1/count_out_6 (FF)
  Source Clock:      clk rising
  Destination Clock: clk rising

  Data Path: counter_1/count_out_4 to counter_1/count_out_6
                                Gate     Net
    Cell:in->out      fanout   Delay   Delay  Logical Name (Net Name)
    ----------------------------------------  ------------
     FDRE:C->Q             8   0.447   1.147  counter_1/count_out_4 (counter_1/count_out_4)
     LUT5:I0->O            1   0.203   0.580  counter_1/Mcount_count_out_cy<4>11 (counter_1/Mcount_count_out_cy<4>)
     LUT3:I2->O            1   0.205   0.000  counter_1/Mcount_count_out_xor<6>11 (Result<6>)
     FDRE:D                    0.102          counter_1/count_out_6
    ----------------------------------------
    Total                      2.683ns (0.957ns logic, 1.726ns route)
                                       (35.7% logic, 64.3% route)

=========================================================================
Timing constraint: Default OFFSET IN BEFORE for Clock 'run'
  Total number of paths / destination ports: 7 / 7
-------------------------------------------------------------------------
Offset:              1.838ns (Levels of Logic = 1)
  Source:            max_count<5> (PAD)
  Destination:       temp_5 (LATCH)
  Destination Clock: run rising

  Data Path: max_count<5> to temp_5
                                Gate     Net
    Cell:in->out      fanout   Delay   Delay  Logical Name (Net Name)
    ----------------------------------------  ------------
     IBUF:I->O             1   1.222   0.579  max_count_5_IBUF (max_count_5_IBUF)
     LD_1:D                    0.037          temp_5
    ----------------------------------------
    Total                      1.838ns (1.259ns logic, 0.579ns route)
                                       (68.5% logic, 31.5% route)

=========================================================================
Timing constraint: Default OFFSET IN BEFORE for Clock 'clk'
  Total number of paths / destination ports: 14 / 14
-------------------------------------------------------------------------
Offset:              3.459ns (Levels of Logic = 2)
  Source:            run (PAD)
  Destination:       counter_1/count_out_0 (FF)
  Destination Clock: clk rising

  Data Path: run to counter_1/count_out_0
                                Gate     Net
    Cell:in->out      fanout   Delay   Delay  Logical Name (Net Name)
    ----------------------------------------  ------------
     IBUF:I->O             9   1.222   0.829  run_IBUF (run_IBUF)
     INV:I->O              7   0.206   0.773  run_inv1_INV_0 (run_inv)
     FDRE:R                    0.430          counter_1/count_out_0
    ----------------------------------------
    Total                      3.459ns (1.858ns logic, 1.601ns route)
                                       (53.7% logic, 46.3% route)

=========================================================================
Timing constraint: Default OFFSET OUT AFTER for Clock 'clk'
  Total number of paths / destination ports: 7 / 7
-------------------------------------------------------------------------
Offset:              3.926ns (Levels of Logic = 1)
  Source:            counter_1/count_out_0 (FF)
  Destination:       count_out<0> (PAD)
  Source Clock:      clk rising

  Data Path: counter_1/count_out_0 to count_out<0>
                                Gate     Net
    Cell:in->out      fanout   Delay   Delay  Logical Name (Net Name)
    ----------------------------------------  ------------
     FDRE:C->Q            12   0.447   0.908  counter_1/count_out_0 (counter_1/count_out_0)
     OBUF:I->O                 2.571          count_out_0_OBUF (count_out<0>)
    ----------------------------------------
    Total                      3.926ns (3.018ns logic, 0.908ns route)
                                       (76.9% logic, 23.1% route)

=========================================================================

Cross Clock Domains Report:
--------------------------

Clock to Setup on destination clock clk
---------------+---------+---------+---------+---------+
               | Src:Rise| Src:Fall| Src:Rise| Src:Fall|
Source Clock   |Dest:Rise|Dest:Rise|Dest:Fall|Dest:Fall|
---------------+---------+---------+---------+---------+
clk            |    2.683|         |         |         |
---------------+---------+---------+---------+---------+

=========================================================================


Total REAL time to Xst completion: 10.00 secs
Total CPU time to Xst completion: 10.15 secs
 
--> 

Total memory usage is 4486176 kilobytes

Number of errors   :    0 (   0 filtered)
Number of warnings :   10 (   0 filtered)
Number of infos    :    1 (   0 filtered)

